{"date":"Sun Nov 23 2025 10:49:16 GMT+0530 (India Standard Time)","environment":"development","error":{"diagnosticCodes":[2304]},"exception":true,"level":"error","message":"uncaughtException: ⨯ Unable to compile TypeScript:\n\u001b[96msrc/controllers/CategoryController.ts\u001b[0m:\u001b[93m30\u001b[0m:\u001b[93m34\u001b[0m - \u001b[91merror\u001b[0m\u001b[90m TS2304: \u001b[0mCannot find name 'articleService'.\r\n\r\n\u001b[7m30\u001b[0m         const categories = await articleService.getCategories();\r\n\u001b[7m  \u001b[0m \u001b[91m                                 ~~~~~~~~~~~~~~\u001b[0m\r\n\nTSError: ⨯ Unable to compile TypeScript:\n\u001b[96msrc/controllers/CategoryController.ts\u001b[0m:\u001b[93m30\u001b[0m:\u001b[93m34\u001b[0m - \u001b[91merror\u001b[0m\u001b[90m TS2304: \u001b[0mCannot find name 'articleService'.\r\n\r\n\u001b[7m30\u001b[0m         const categories = await articleService.getCategories();\r\n\u001b[7m  \u001b[0m \u001b[91m                                 ~~~~~~~~~~~~~~\u001b[0m\r\n\n    at createTSError (C:\\Users\\kumar\\OneDrive\\Desktop\\MY-PROJECTS\\NEWS\\backend\\node_modules\\ts-node\\src\\index.ts:859:12)\n    at reportTSError (C:\\Users\\kumar\\OneDrive\\Desktop\\MY-PROJECTS\\NEWS\\backend\\node_modules\\ts-node\\src\\index.ts:863:19)\n    at getOutput (C:\\Users\\kumar\\OneDrive\\Desktop\\MY-PROJECTS\\NEWS\\backend\\node_modules\\ts-node\\src\\index.ts:1077:36)\n    at Object.compile (C:\\Users\\kumar\\OneDrive\\Desktop\\MY-PROJECTS\\NEWS\\backend\\node_modules\\ts-node\\src\\index.ts:1433:41)\n    at Module.m._compile (C:\\Users\\kumar\\OneDrive\\Desktop\\MY-PROJECTS\\NEWS\\backend\\node_modules\\ts-node\\src\\index.ts:1617:30)\n    at node:internal/modules/cjs/loader:1706:10\n    at Object.require.extensions.<computed> [as .ts] (C:\\Users\\kumar\\OneDrive\\Desktop\\MY-PROJECTS\\NEWS\\backend\\node_modules\\ts-node\\src\\index.ts:1621:12)\n    at Module.load (node:internal/modules/cjs/loader:1289:32)\n    at Function._load (node:internal/modules/cjs/loader:1108:12)\n    at TracingChannel.traceSync (node:diagnostics_channel:322:14)","os":{"loadavg":[0,0,0],"uptime":68318.296},"process":{"argv":["C:\\Users\\kumar\\OneDrive\\Desktop\\MY-PROJECTS\\NEWS\\backend\\node_modules\\ts-node\\dist\\bin.js","C:\\Users\\kumar\\OneDrive\\Desktop\\MY-PROJECTS\\NEWS\\backend\\src\\server.ts"],"cwd":"C:\\Users\\kumar\\OneDrive\\Desktop\\MY-PROJECTS\\NEWS\\backend","execPath":"C:\\Program Files\\nodejs\\node.exe","gid":null,"memoryUsage":{"arrayBuffers":4936388,"external":9087475,"heapTotal":238800896,"heapUsed":217160456,"rss":294486016},"pid":6912,"uid":null,"version":"v22.14.0"},"service":"news-platform-api","stack":"TSError: ⨯ Unable to compile TypeScript:\n\u001b[96msrc/controllers/CategoryController.ts\u001b[0m:\u001b[93m30\u001b[0m:\u001b[93m34\u001b[0m - \u001b[91merror\u001b[0m\u001b[90m TS2304: \u001b[0mCannot find name 'articleService'.\r\n\r\n\u001b[7m30\u001b[0m         const categories = await articleService.getCategories();\r\n\u001b[7m  \u001b[0m \u001b[91m                                 ~~~~~~~~~~~~~~\u001b[0m\r\n\n    at createTSError (C:\\Users\\kumar\\OneDrive\\Desktop\\MY-PROJECTS\\NEWS\\backend\\node_modules\\ts-node\\src\\index.ts:859:12)\n    at reportTSError (C:\\Users\\kumar\\OneDrive\\Desktop\\MY-PROJECTS\\NEWS\\backend\\node_modules\\ts-node\\src\\index.ts:863:19)\n    at getOutput (C:\\Users\\kumar\\OneDrive\\Desktop\\MY-PROJECTS\\NEWS\\backend\\node_modules\\ts-node\\src\\index.ts:1077:36)\n    at Object.compile (C:\\Users\\kumar\\OneDrive\\Desktop\\MY-PROJECTS\\NEWS\\backend\\node_modules\\ts-node\\src\\index.ts:1433:41)\n    at Module.m._compile (C:\\Users\\kumar\\OneDrive\\Desktop\\MY-PROJECTS\\NEWS\\backend\\node_modules\\ts-node\\src\\index.ts:1617:30)\n    at node:internal/modules/cjs/loader:1706:10\n    at Object.require.extensions.<computed> [as .ts] (C:\\Users\\kumar\\OneDrive\\Desktop\\MY-PROJECTS\\NEWS\\backend\\node_modules\\ts-node\\src\\index.ts:1621:12)\n    at Module.load (node:internal/modules/cjs/loader:1289:32)\n    at Function._load (node:internal/modules/cjs/loader:1108:12)\n    at TracingChannel.traceSync (node:diagnostics_channel:322:14)","timestamp":"2025-11-23T05:19:16.285Z","trace":[{"column":12,"file":"C:\\Users\\kumar\\OneDrive\\Desktop\\MY-PROJECTS\\NEWS\\backend\\node_modules\\ts-node\\src\\index.ts","function":"createTSError","line":859,"method":null,"native":false},{"column":19,"file":"C:\\Users\\kumar\\OneDrive\\Desktop\\MY-PROJECTS\\NEWS\\backend\\node_modules\\ts-node\\src\\index.ts","function":"reportTSError","line":863,"method":null,"native":false},{"column":36,"file":"C:\\Users\\kumar\\OneDrive\\Desktop\\MY-PROJECTS\\NEWS\\backend\\node_modules\\ts-node\\src\\index.ts","function":"getOutput","line":1077,"method":null,"native":false},{"column":41,"file":"C:\\Users\\kumar\\OneDrive\\Desktop\\MY-PROJECTS\\NEWS\\backend\\node_modules\\ts-node\\src\\index.ts","function":"Object.compile","line":1433,"method":"compile","native":false},{"column":30,"file":"C:\\Users\\kumar\\OneDrive\\Desktop\\MY-PROJECTS\\NEWS\\backend\\node_modules\\ts-node\\src\\index.ts","function":"Module.m._compile","line":1617,"method":"_compile","native":false},{"column":10,"file":"node:internal/modules/cjs/loader","function":null,"line":1706,"method":null,"native":false},{"column":12,"file":"C:\\Users\\kumar\\OneDrive\\Desktop\\MY-PROJECTS\\NEWS\\backend\\node_modules\\ts-node\\src\\index.ts","function":"Object.require.extensions.<computed> [as .ts]","line":1621,"method":"ts]","native":false},{"column":32,"file":"node:internal/modules/cjs/loader","function":"Module.load","line":1289,"method":"load","native":false},{"column":12,"file":"node:internal/modules/cjs/loader","function":"Function._load","line":1108,"method":"_load","native":false},{"column":14,"file":"node:diagnostics_channel","function":"TracingChannel.traceSync","line":322,"method":"traceSync","native":false}]}
{"date":"Sun Nov 23 2025 10:50:11 GMT+0530 (India Standard Time)","environment":"development","error":{"diagnosticCodes":[2552]},"exception":true,"level":"error","message":"uncaughtException: ⨯ Unable to compile TypeScript:\n\u001b[96msrc/controllers/CategoryController.ts\u001b[0m:\u001b[93m31\u001b[0m:\u001b[93m34\u001b[0m - \u001b[91merror\u001b[0m\u001b[90m TS2552: \u001b[0mCannot find name 'articleService'. Did you mean 'ArticleService'?\r\n\r\n\u001b[7m31\u001b[0m         const categories = await articleService.getCategories();\r\n\u001b[7m  \u001b[0m \u001b[91m                                 ~~~~~~~~~~~~~~\u001b[0m\r\n\nTSError: ⨯ Unable to compile TypeScript:\n\u001b[96msrc/controllers/CategoryController.ts\u001b[0m:\u001b[93m31\u001b[0m:\u001b[93m34\u001b[0m - \u001b[91merror\u001b[0m\u001b[90m TS2552: \u001b[0mCannot find name 'articleService'. Did you mean 'ArticleService'?\r\n\r\n\u001b[7m31\u001b[0m         const categories = await articleService.getCategories();\r\n\u001b[7m  \u001b[0m \u001b[91m                                 ~~~~~~~~~~~~~~\u001b[0m\r\n\n    at createTSError (C:\\Users\\kumar\\OneDrive\\Desktop\\MY-PROJECTS\\NEWS\\backend\\node_modules\\ts-node\\src\\index.ts:859:12)\n    at reportTSError (C:\\Users\\kumar\\OneDrive\\Desktop\\MY-PROJECTS\\NEWS\\backend\\node_modules\\ts-node\\src\\index.ts:863:19)\n    at getOutput (C:\\Users\\kumar\\OneDrive\\Desktop\\MY-PROJECTS\\NEWS\\backend\\node_modules\\ts-node\\src\\index.ts:1077:36)\n    at Object.compile (C:\\Users\\kumar\\OneDrive\\Desktop\\MY-PROJECTS\\NEWS\\backend\\node_modules\\ts-node\\src\\index.ts:1433:41)\n    at Module.m._compile (C:\\Users\\kumar\\OneDrive\\Desktop\\MY-PROJECTS\\NEWS\\backend\\node_modules\\ts-node\\src\\index.ts:1617:30)\n    at node:internal/modules/cjs/loader:1706:10\n    at Object.require.extensions.<computed> [as .ts] (C:\\Users\\kumar\\OneDrive\\Desktop\\MY-PROJECTS\\NEWS\\backend\\node_modules\\ts-node\\src\\index.ts:1621:12)\n    at Module.load (node:internal/modules/cjs/loader:1289:32)\n    at Function._load (node:internal/modules/cjs/loader:1108:12)\n    at TracingChannel.traceSync (node:diagnostics_channel:322:14)","os":{"loadavg":[0,0,0],"uptime":68373.109},"process":{"argv":["C:\\Users\\kumar\\OneDrive\\Desktop\\MY-PROJECTS\\NEWS\\backend\\node_modules\\ts-node\\dist\\bin.js","C:\\Users\\kumar\\OneDrive\\Desktop\\MY-PROJECTS\\NEWS\\backend\\src\\server.ts"],"cwd":"C:\\Users\\kumar\\OneDrive\\Desktop\\MY-PROJECTS\\NEWS\\backend","execPath":"C:\\Program Files\\nodejs\\node.exe","gid":null,"memoryUsage":{"arrayBuffers":4936364,"external":9050402,"heapTotal":241946624,"heapUsed":211972008,"rss":297668608},"pid":19716,"uid":null,"version":"v22.14.0"},"service":"news-platform-api","stack":"TSError: ⨯ Unable to compile TypeScript:\n\u001b[96msrc/controllers/CategoryController.ts\u001b[0m:\u001b[93m31\u001b[0m:\u001b[93m34\u001b[0m - \u001b[91merror\u001b[0m\u001b[90m TS2552: \u001b[0mCannot find name 'articleService'. Did you mean 'ArticleService'?\r\n\r\n\u001b[7m31\u001b[0m         const categories = await articleService.getCategories();\r\n\u001b[7m  \u001b[0m \u001b[91m                                 ~~~~~~~~~~~~~~\u001b[0m\r\n\n    at createTSError (C:\\Users\\kumar\\OneDrive\\Desktop\\MY-PROJECTS\\NEWS\\backend\\node_modules\\ts-node\\src\\index.ts:859:12)\n    at reportTSError (C:\\Users\\kumar\\OneDrive\\Desktop\\MY-PROJECTS\\NEWS\\backend\\node_modules\\ts-node\\src\\index.ts:863:19)\n    at getOutput (C:\\Users\\kumar\\OneDrive\\Desktop\\MY-PROJECTS\\NEWS\\backend\\node_modules\\ts-node\\src\\index.ts:1077:36)\n    at Object.compile (C:\\Users\\kumar\\OneDrive\\Desktop\\MY-PROJECTS\\NEWS\\backend\\node_modules\\ts-node\\src\\index.ts:1433:41)\n    at Module.m._compile (C:\\Users\\kumar\\OneDrive\\Desktop\\MY-PROJECTS\\NEWS\\backend\\node_modules\\ts-node\\src\\index.ts:1617:30)\n    at node:internal/modules/cjs/loader:1706:10\n    at Object.require.extensions.<computed> [as .ts] (C:\\Users\\kumar\\OneDrive\\Desktop\\MY-PROJECTS\\NEWS\\backend\\node_modules\\ts-node\\src\\index.ts:1621:12)\n    at Module.load (node:internal/modules/cjs/loader:1289:32)\n    at Function._load (node:internal/modules/cjs/loader:1108:12)\n    at TracingChannel.traceSync (node:diagnostics_channel:322:14)","timestamp":"2025-11-23T05:20:11.097Z","trace":[{"column":12,"file":"C:\\Users\\kumar\\OneDrive\\Desktop\\MY-PROJECTS\\NEWS\\backend\\node_modules\\ts-node\\src\\index.ts","function":"createTSError","line":859,"method":null,"native":false},{"column":19,"file":"C:\\Users\\kumar\\OneDrive\\Desktop\\MY-PROJECTS\\NEWS\\backend\\node_modules\\ts-node\\src\\index.ts","function":"reportTSError","line":863,"method":null,"native":false},{"column":36,"file":"C:\\Users\\kumar\\OneDrive\\Desktop\\MY-PROJECTS\\NEWS\\backend\\node_modules\\ts-node\\src\\index.ts","function":"getOutput","line":1077,"method":null,"native":false},{"column":41,"file":"C:\\Users\\kumar\\OneDrive\\Desktop\\MY-PROJECTS\\NEWS\\backend\\node_modules\\ts-node\\src\\index.ts","function":"Object.compile","line":1433,"method":"compile","native":false},{"column":30,"file":"C:\\Users\\kumar\\OneDrive\\Desktop\\MY-PROJECTS\\NEWS\\backend\\node_modules\\ts-node\\src\\index.ts","function":"Module.m._compile","line":1617,"method":"_compile","native":false},{"column":10,"file":"node:internal/modules/cjs/loader","function":null,"line":1706,"method":null,"native":false},{"column":12,"file":"C:\\Users\\kumar\\OneDrive\\Desktop\\MY-PROJECTS\\NEWS\\backend\\node_modules\\ts-node\\src\\index.ts","function":"Object.require.extensions.<computed> [as .ts]","line":1621,"method":"ts]","native":false},{"column":32,"file":"node:internal/modules/cjs/loader","function":"Module.load","line":1289,"method":"load","native":false},{"column":12,"file":"node:internal/modules/cjs/loader","function":"Function._load","line":1108,"method":"_load","native":false},{"column":14,"file":"node:diagnostics_channel","function":"TracingChannel.traceSync","line":322,"method":"traceSync","native":false}]}
{"date":"Sun Nov 23 2025 20:07:53 GMT+0530 (India Standard Time)","environment":"development","error":{"diagnosticCodes":[2305]},"exception":true,"level":"error","message":"uncaughtException: ⨯ Unable to compile TypeScript:\n\u001b[96msrc/services/ImageKitService.ts\u001b[0m:\u001b[93m2\u001b[0m:\u001b[93m10\u001b[0m - \u001b[91merror\u001b[0m\u001b[90m TS2305: \u001b[0mModule '\"../utils/response\"' has no exported member 'InternalError'.\r\n\r\n\u001b[7m2\u001b[0m import { InternalError } from \"../utils/response\";\r\n\u001b[7m \u001b[0m \u001b[91m         ~~~~~~~~~~~~~\u001b[0m\r\n\nTSError: ⨯ Unable to compile TypeScript:\n\u001b[96msrc/services/ImageKitService.ts\u001b[0m:\u001b[93m2\u001b[0m:\u001b[93m10\u001b[0m - \u001b[91merror\u001b[0m\u001b[90m TS2305: \u001b[0mModule '\"../utils/response\"' has no exported member 'InternalError'.\r\n\r\n\u001b[7m2\u001b[0m import { InternalError } from \"../utils/response\";\r\n\u001b[7m \u001b[0m \u001b[91m         ~~~~~~~~~~~~~\u001b[0m\r\n\n    at createTSError (C:\\Users\\kumar\\OneDrive\\Desktop\\MY-PROJECTS\\NEWS\\backend\\node_modules\\ts-node\\src\\index.ts:859:12)\n    at reportTSError (C:\\Users\\kumar\\OneDrive\\Desktop\\MY-PROJECTS\\NEWS\\backend\\node_modules\\ts-node\\src\\index.ts:863:19)\n    at getOutput (C:\\Users\\kumar\\OneDrive\\Desktop\\MY-PROJECTS\\NEWS\\backend\\node_modules\\ts-node\\src\\index.ts:1077:36)\n    at Object.compile (C:\\Users\\kumar\\OneDrive\\Desktop\\MY-PROJECTS\\NEWS\\backend\\node_modules\\ts-node\\src\\index.ts:1433:41)\n    at Module.m._compile (C:\\Users\\kumar\\OneDrive\\Desktop\\MY-PROJECTS\\NEWS\\backend\\node_modules\\ts-node\\src\\index.ts:1617:30)\n    at node:internal/modules/cjs/loader:1706:10\n    at Object.require.extensions.<computed> [as .ts] (C:\\Users\\kumar\\OneDrive\\Desktop\\MY-PROJECTS\\NEWS\\backend\\node_modules\\ts-node\\src\\index.ts:1621:12)\n    at Module.load (node:internal/modules/cjs/loader:1289:32)\n    at Function._load (node:internal/modules/cjs/loader:1108:12)\n    at TracingChannel.traceSync (node:diagnostics_channel:322:14)","os":{"loadavg":[0,0,0],"uptime":13227.906},"process":{"argv":["C:\\Users\\kumar\\OneDrive\\Desktop\\MY-PROJECTS\\NEWS\\backend\\node_modules\\ts-node\\dist\\bin.js","C:\\Users\\kumar\\OneDrive\\Desktop\\MY-PROJECTS\\NEWS\\backend\\src\\server.ts"],"cwd":"C:\\Users\\kumar\\OneDrive\\Desktop\\MY-PROJECTS\\NEWS\\backend","execPath":"C:\\Program Files\\nodejs\\node.exe","gid":null,"memoryUsage":{"arrayBuffers":4939947,"external":8028803,"heapTotal":228667392,"heapUsed":204802520,"rss":273891328},"pid":10804,"uid":null,"version":"v22.14.0"},"service":"news-platform-api","stack":"TSError: ⨯ Unable to compile TypeScript:\n\u001b[96msrc/services/ImageKitService.ts\u001b[0m:\u001b[93m2\u001b[0m:\u001b[93m10\u001b[0m - \u001b[91merror\u001b[0m\u001b[90m TS2305: \u001b[0mModule '\"../utils/response\"' has no exported member 'InternalError'.\r\n\r\n\u001b[7m2\u001b[0m import { InternalError } from \"../utils/response\";\r\n\u001b[7m \u001b[0m \u001b[91m         ~~~~~~~~~~~~~\u001b[0m\r\n\n    at createTSError (C:\\Users\\kumar\\OneDrive\\Desktop\\MY-PROJECTS\\NEWS\\backend\\node_modules\\ts-node\\src\\index.ts:859:12)\n    at reportTSError (C:\\Users\\kumar\\OneDrive\\Desktop\\MY-PROJECTS\\NEWS\\backend\\node_modules\\ts-node\\src\\index.ts:863:19)\n    at getOutput (C:\\Users\\kumar\\OneDrive\\Desktop\\MY-PROJECTS\\NEWS\\backend\\node_modules\\ts-node\\src\\index.ts:1077:36)\n    at Object.compile (C:\\Users\\kumar\\OneDrive\\Desktop\\MY-PROJECTS\\NEWS\\backend\\node_modules\\ts-node\\src\\index.ts:1433:41)\n    at Module.m._compile (C:\\Users\\kumar\\OneDrive\\Desktop\\MY-PROJECTS\\NEWS\\backend\\node_modules\\ts-node\\src\\index.ts:1617:30)\n    at node:internal/modules/cjs/loader:1706:10\n    at Object.require.extensions.<computed> [as .ts] (C:\\Users\\kumar\\OneDrive\\Desktop\\MY-PROJECTS\\NEWS\\backend\\node_modules\\ts-node\\src\\index.ts:1621:12)\n    at Module.load (node:internal/modules/cjs/loader:1289:32)\n    at Function._load (node:internal/modules/cjs/loader:1108:12)\n    at TracingChannel.traceSync (node:diagnostics_channel:322:14)","timestamp":"2025-11-23T14:37:53.176Z","trace":[{"column":12,"file":"C:\\Users\\kumar\\OneDrive\\Desktop\\MY-PROJECTS\\NEWS\\backend\\node_modules\\ts-node\\src\\index.ts","function":"createTSError","line":859,"method":null,"native":false},{"column":19,"file":"C:\\Users\\kumar\\OneDrive\\Desktop\\MY-PROJECTS\\NEWS\\backend\\node_modules\\ts-node\\src\\index.ts","function":"reportTSError","line":863,"method":null,"native":false},{"column":36,"file":"C:\\Users\\kumar\\OneDrive\\Desktop\\MY-PROJECTS\\NEWS\\backend\\node_modules\\ts-node\\src\\index.ts","function":"getOutput","line":1077,"method":null,"native":false},{"column":41,"file":"C:\\Users\\kumar\\OneDrive\\Desktop\\MY-PROJECTS\\NEWS\\backend\\node_modules\\ts-node\\src\\index.ts","function":"Object.compile","line":1433,"method":"compile","native":false},{"column":30,"file":"C:\\Users\\kumar\\OneDrive\\Desktop\\MY-PROJECTS\\NEWS\\backend\\node_modules\\ts-node\\src\\index.ts","function":"Module.m._compile","line":1617,"method":"_compile","native":false},{"column":10,"file":"node:internal/modules/cjs/loader","function":null,"line":1706,"method":null,"native":false},{"column":12,"file":"C:\\Users\\kumar\\OneDrive\\Desktop\\MY-PROJECTS\\NEWS\\backend\\node_modules\\ts-node\\src\\index.ts","function":"Object.require.extensions.<computed> [as .ts]","line":1621,"method":"ts]","native":false},{"column":32,"file":"node:internal/modules/cjs/loader","function":"Module.load","line":1289,"method":"load","native":false},{"column":12,"file":"node:internal/modules/cjs/loader","function":"Function._load","line":1108,"method":"_load","native":false},{"column":14,"file":"node:diagnostics_channel","function":"TracingChannel.traceSync","line":322,"method":"traceSync","native":false}]}
{"date":"Sun Nov 23 2025 20:09:41 GMT+0530 (India Standard Time)","environment":"development","error":{"diagnosticCodes":[2305]},"exception":true,"level":"error","message":"uncaughtException: ⨯ Unable to compile TypeScript:\n\u001b[96msrc/services/ImageKitService.ts\u001b[0m:\u001b[93m2\u001b[0m:\u001b[93m10\u001b[0m - \u001b[91merror\u001b[0m\u001b[90m TS2305: \u001b[0mModule '\"../utils/response\"' has no exported member 'InternalError'.\r\n\r\n\u001b[7m2\u001b[0m import { InternalError } from \"../utils/response\";\r\n\u001b[7m \u001b[0m \u001b[91m         ~~~~~~~~~~~~~\u001b[0m\r\n\nTSError: ⨯ Unable to compile TypeScript:\n\u001b[96msrc/services/ImageKitService.ts\u001b[0m:\u001b[93m2\u001b[0m:\u001b[93m10\u001b[0m - \u001b[91merror\u001b[0m\u001b[90m TS2305: \u001b[0mModule '\"../utils/response\"' has no exported member 'InternalError'.\r\n\r\n\u001b[7m2\u001b[0m import { InternalError } from \"../utils/response\";\r\n\u001b[7m \u001b[0m \u001b[91m         ~~~~~~~~~~~~~\u001b[0m\r\n\n    at createTSError (C:\\Users\\kumar\\OneDrive\\Desktop\\MY-PROJECTS\\NEWS\\backend\\node_modules\\ts-node\\src\\index.ts:859:12)\n    at reportTSError (C:\\Users\\kumar\\OneDrive\\Desktop\\MY-PROJECTS\\NEWS\\backend\\node_modules\\ts-node\\src\\index.ts:863:19)\n    at getOutput (C:\\Users\\kumar\\OneDrive\\Desktop\\MY-PROJECTS\\NEWS\\backend\\node_modules\\ts-node\\src\\index.ts:1077:36)\n    at Object.compile (C:\\Users\\kumar\\OneDrive\\Desktop\\MY-PROJECTS\\NEWS\\backend\\node_modules\\ts-node\\src\\index.ts:1433:41)\n    at Module.m._compile (C:\\Users\\kumar\\OneDrive\\Desktop\\MY-PROJECTS\\NEWS\\backend\\node_modules\\ts-node\\src\\index.ts:1617:30)\n    at node:internal/modules/cjs/loader:1706:10\n    at Object.require.extensions.<computed> [as .ts] (C:\\Users\\kumar\\OneDrive\\Desktop\\MY-PROJECTS\\NEWS\\backend\\node_modules\\ts-node\\src\\index.ts:1621:12)\n    at Module.load (node:internal/modules/cjs/loader:1289:32)\n    at Function._load (node:internal/modules/cjs/loader:1108:12)\n    at TracingChannel.traceSync (node:diagnostics_channel:322:14)","os":{"loadavg":[0,0,0],"uptime":13336.328},"process":{"argv":["C:\\Users\\kumar\\OneDrive\\Desktop\\MY-PROJECTS\\NEWS\\backend\\node_modules\\ts-node\\dist\\bin.js","C:\\Users\\kumar\\OneDrive\\Desktop\\MY-PROJECTS\\NEWS\\backend\\src\\server.ts"],"cwd":"C:\\Users\\kumar\\OneDrive\\Desktop\\MY-PROJECTS\\NEWS\\backend","execPath":"C:\\Program Files\\nodejs\\node.exe","gid":null,"memoryUsage":{"arrayBuffers":4940035,"external":8028891,"heapTotal":228929536,"heapUsed":204299112,"rss":285696000},"pid":17648,"uid":null,"version":"v22.14.0"},"service":"news-platform-api","stack":"TSError: ⨯ Unable to compile TypeScript:\n\u001b[96msrc/services/ImageKitService.ts\u001b[0m:\u001b[93m2\u001b[0m:\u001b[93m10\u001b[0m - \u001b[91merror\u001b[0m\u001b[90m TS2305: \u001b[0mModule '\"../utils/response\"' has no exported member 'InternalError'.\r\n\r\n\u001b[7m2\u001b[0m import { InternalError } from \"../utils/response\";\r\n\u001b[7m \u001b[0m \u001b[91m         ~~~~~~~~~~~~~\u001b[0m\r\n\n    at createTSError (C:\\Users\\kumar\\OneDrive\\Desktop\\MY-PROJECTS\\NEWS\\backend\\node_modules\\ts-node\\src\\index.ts:859:12)\n    at reportTSError (C:\\Users\\kumar\\OneDrive\\Desktop\\MY-PROJECTS\\NEWS\\backend\\node_modules\\ts-node\\src\\index.ts:863:19)\n    at getOutput (C:\\Users\\kumar\\OneDrive\\Desktop\\MY-PROJECTS\\NEWS\\backend\\node_modules\\ts-node\\src\\index.ts:1077:36)\n    at Object.compile (C:\\Users\\kumar\\OneDrive\\Desktop\\MY-PROJECTS\\NEWS\\backend\\node_modules\\ts-node\\src\\index.ts:1433:41)\n    at Module.m._compile (C:\\Users\\kumar\\OneDrive\\Desktop\\MY-PROJECTS\\NEWS\\backend\\node_modules\\ts-node\\src\\index.ts:1617:30)\n    at node:internal/modules/cjs/loader:1706:10\n    at Object.require.extensions.<computed> [as .ts] (C:\\Users\\kumar\\OneDrive\\Desktop\\MY-PROJECTS\\NEWS\\backend\\node_modules\\ts-node\\src\\index.ts:1621:12)\n    at Module.load (node:internal/modules/cjs/loader:1289:32)\n    at Function._load (node:internal/modules/cjs/loader:1108:12)\n    at TracingChannel.traceSync (node:diagnostics_channel:322:14)","timestamp":"2025-11-23T14:39:41.600Z","trace":[{"column":12,"file":"C:\\Users\\kumar\\OneDrive\\Desktop\\MY-PROJECTS\\NEWS\\backend\\node_modules\\ts-node\\src\\index.ts","function":"createTSError","line":859,"method":null,"native":false},{"column":19,"file":"C:\\Users\\kumar\\OneDrive\\Desktop\\MY-PROJECTS\\NEWS\\backend\\node_modules\\ts-node\\src\\index.ts","function":"reportTSError","line":863,"method":null,"native":false},{"column":36,"file":"C:\\Users\\kumar\\OneDrive\\Desktop\\MY-PROJECTS\\NEWS\\backend\\node_modules\\ts-node\\src\\index.ts","function":"getOutput","line":1077,"method":null,"native":false},{"column":41,"file":"C:\\Users\\kumar\\OneDrive\\Desktop\\MY-PROJECTS\\NEWS\\backend\\node_modules\\ts-node\\src\\index.ts","function":"Object.compile","line":1433,"method":"compile","native":false},{"column":30,"file":"C:\\Users\\kumar\\OneDrive\\Desktop\\MY-PROJECTS\\NEWS\\backend\\node_modules\\ts-node\\src\\index.ts","function":"Module.m._compile","line":1617,"method":"_compile","native":false},{"column":10,"file":"node:internal/modules/cjs/loader","function":null,"line":1706,"method":null,"native":false},{"column":12,"file":"C:\\Users\\kumar\\OneDrive\\Desktop\\MY-PROJECTS\\NEWS\\backend\\node_modules\\ts-node\\src\\index.ts","function":"Object.require.extensions.<computed> [as .ts]","line":1621,"method":"ts]","native":false},{"column":32,"file":"node:internal/modules/cjs/loader","function":"Module.load","line":1289,"method":"load","native":false},{"column":12,"file":"node:internal/modules/cjs/loader","function":"Function._load","line":1108,"method":"_load","native":false},{"column":14,"file":"node:diagnostics_channel","function":"TracingChannel.traceSync","line":322,"method":"traceSync","native":false}]}
{"date":"Sun Nov 23 2025 20:10:22 GMT+0530 (India Standard Time)","environment":"development","error":{"diagnosticCodes":[2305]},"exception":true,"level":"error","message":"uncaughtException: ⨯ Unable to compile TypeScript:\n\u001b[96msrc/services/ImageKitService.ts\u001b[0m:\u001b[93m2\u001b[0m:\u001b[93m10\u001b[0m - \u001b[91merror\u001b[0m\u001b[90m TS2305: \u001b[0mModule '\"../utils/response\"' has no exported member 'InternalError'.\r\n\r\n\u001b[7m2\u001b[0m import { InternalError } from \"../utils/response\";\r\n\u001b[7m \u001b[0m \u001b[91m         ~~~~~~~~~~~~~\u001b[0m\r\n\nTSError: ⨯ Unable to compile TypeScript:\n\u001b[96msrc/services/ImageKitService.ts\u001b[0m:\u001b[93m2\u001b[0m:\u001b[93m10\u001b[0m - \u001b[91merror\u001b[0m\u001b[90m TS2305: \u001b[0mModule '\"../utils/response\"' has no exported member 'InternalError'.\r\n\r\n\u001b[7m2\u001b[0m import { InternalError } from \"../utils/response\";\r\n\u001b[7m \u001b[0m \u001b[91m         ~~~~~~~~~~~~~\u001b[0m\r\n\n    at createTSError (C:\\Users\\kumar\\OneDrive\\Desktop\\MY-PROJECTS\\NEWS\\backend\\node_modules\\ts-node\\src\\index.ts:859:12)\n    at reportTSError (C:\\Users\\kumar\\OneDrive\\Desktop\\MY-PROJECTS\\NEWS\\backend\\node_modules\\ts-node\\src\\index.ts:863:19)\n    at getOutput (C:\\Users\\kumar\\OneDrive\\Desktop\\MY-PROJECTS\\NEWS\\backend\\node_modules\\ts-node\\src\\index.ts:1077:36)\n    at Object.compile (C:\\Users\\kumar\\OneDrive\\Desktop\\MY-PROJECTS\\NEWS\\backend\\node_modules\\ts-node\\src\\index.ts:1433:41)\n    at Module.m._compile (C:\\Users\\kumar\\OneDrive\\Desktop\\MY-PROJECTS\\NEWS\\backend\\node_modules\\ts-node\\src\\index.ts:1617:30)\n    at node:internal/modules/cjs/loader:1706:10\n    at Object.require.extensions.<computed> [as .ts] (C:\\Users\\kumar\\OneDrive\\Desktop\\MY-PROJECTS\\NEWS\\backend\\node_modules\\ts-node\\src\\index.ts:1621:12)\n    at Module.load (node:internal/modules/cjs/loader:1289:32)\n    at Function._load (node:internal/modules/cjs/loader:1108:12)\n    at TracingChannel.traceSync (node:diagnostics_channel:322:14)","os":{"loadavg":[0,0,0],"uptime":13377.734},"process":{"argv":["C:\\Users\\kumar\\OneDrive\\Desktop\\MY-PROJECTS\\NEWS\\backend\\node_modules\\ts-node\\dist\\bin.js","C:\\Users\\kumar\\OneDrive\\Desktop\\MY-PROJECTS\\NEWS\\backend\\src\\server.ts"],"cwd":"C:\\Users\\kumar\\OneDrive\\Desktop\\MY-PROJECTS\\NEWS\\backend","execPath":"C:\\Program Files\\nodejs\\node.exe","gid":null,"memoryUsage":{"arrayBuffers":4940115,"external":8028971,"heapTotal":229138432,"heapUsed":204260496,"rss":285728768},"pid":18020,"uid":null,"version":"v22.14.0"},"service":"news-platform-api","stack":"TSError: ⨯ Unable to compile TypeScript:\n\u001b[96msrc/services/ImageKitService.ts\u001b[0m:\u001b[93m2\u001b[0m:\u001b[93m10\u001b[0m - \u001b[91merror\u001b[0m\u001b[90m TS2305: \u001b[0mModule '\"../utils/response\"' has no exported member 'InternalError'.\r\n\r\n\u001b[7m2\u001b[0m import { InternalError } from \"../utils/response\";\r\n\u001b[7m \u001b[0m \u001b[91m         ~~~~~~~~~~~~~\u001b[0m\r\n\n    at createTSError (C:\\Users\\kumar\\OneDrive\\Desktop\\MY-PROJECTS\\NEWS\\backend\\node_modules\\ts-node\\src\\index.ts:859:12)\n    at reportTSError (C:\\Users\\kumar\\OneDrive\\Desktop\\MY-PROJECTS\\NEWS\\backend\\node_modules\\ts-node\\src\\index.ts:863:19)\n    at getOutput (C:\\Users\\kumar\\OneDrive\\Desktop\\MY-PROJECTS\\NEWS\\backend\\node_modules\\ts-node\\src\\index.ts:1077:36)\n    at Object.compile (C:\\Users\\kumar\\OneDrive\\Desktop\\MY-PROJECTS\\NEWS\\backend\\node_modules\\ts-node\\src\\index.ts:1433:41)\n    at Module.m._compile (C:\\Users\\kumar\\OneDrive\\Desktop\\MY-PROJECTS\\NEWS\\backend\\node_modules\\ts-node\\src\\index.ts:1617:30)\n    at node:internal/modules/cjs/loader:1706:10\n    at Object.require.extensions.<computed> [as .ts] (C:\\Users\\kumar\\OneDrive\\Desktop\\MY-PROJECTS\\NEWS\\backend\\node_modules\\ts-node\\src\\index.ts:1621:12)\n    at Module.load (node:internal/modules/cjs/loader:1289:32)\n    at Function._load (node:internal/modules/cjs/loader:1108:12)\n    at TracingChannel.traceSync (node:diagnostics_channel:322:14)","timestamp":"2025-11-23T14:40:23.002Z","trace":[{"column":12,"file":"C:\\Users\\kumar\\OneDrive\\Desktop\\MY-PROJECTS\\NEWS\\backend\\node_modules\\ts-node\\src\\index.ts","function":"createTSError","line":859,"method":null,"native":false},{"column":19,"file":"C:\\Users\\kumar\\OneDrive\\Desktop\\MY-PROJECTS\\NEWS\\backend\\node_modules\\ts-node\\src\\index.ts","function":"reportTSError","line":863,"method":null,"native":false},{"column":36,"file":"C:\\Users\\kumar\\OneDrive\\Desktop\\MY-PROJECTS\\NEWS\\backend\\node_modules\\ts-node\\src\\index.ts","function":"getOutput","line":1077,"method":null,"native":false},{"column":41,"file":"C:\\Users\\kumar\\OneDrive\\Desktop\\MY-PROJECTS\\NEWS\\backend\\node_modules\\ts-node\\src\\index.ts","function":"Object.compile","line":1433,"method":"compile","native":false},{"column":30,"file":"C:\\Users\\kumar\\OneDrive\\Desktop\\MY-PROJECTS\\NEWS\\backend\\node_modules\\ts-node\\src\\index.ts","function":"Module.m._compile","line":1617,"method":"_compile","native":false},{"column":10,"file":"node:internal/modules/cjs/loader","function":null,"line":1706,"method":null,"native":false},{"column":12,"file":"C:\\Users\\kumar\\OneDrive\\Desktop\\MY-PROJECTS\\NEWS\\backend\\node_modules\\ts-node\\src\\index.ts","function":"Object.require.extensions.<computed> [as .ts]","line":1621,"method":"ts]","native":false},{"column":32,"file":"node:internal/modules/cjs/loader","function":"Module.load","line":1289,"method":"load","native":false},{"column":12,"file":"node:internal/modules/cjs/loader","function":"Function._load","line":1108,"method":"_load","native":false},{"column":14,"file":"node:diagnostics_channel","function":"TracingChannel.traceSync","line":322,"method":"traceSync","native":false}]}
{"date":"Sun Nov 23 2025 20:12:16 GMT+0530 (India Standard Time)","environment":"development","error":{"diagnosticCodes":[2305]},"exception":true,"level":"error","message":"uncaughtException: ⨯ Unable to compile TypeScript:\n\u001b[96msrc/services/ImageKitService.ts\u001b[0m:\u001b[93m2\u001b[0m:\u001b[93m10\u001b[0m - \u001b[91merror\u001b[0m\u001b[90m TS2305: \u001b[0mModule '\"../utils/response\"' has no exported member 'InternalError'.\r\n\r\n\u001b[7m2\u001b[0m import { InternalError } from \"../utils/response\";\r\n\u001b[7m \u001b[0m \u001b[91m         ~~~~~~~~~~~~~\u001b[0m\r\n\nTSError: ⨯ Unable to compile TypeScript:\n\u001b[96msrc/services/ImageKitService.ts\u001b[0m:\u001b[93m2\u001b[0m:\u001b[93m10\u001b[0m - \u001b[91merror\u001b[0m\u001b[90m TS2305: \u001b[0mModule '\"../utils/response\"' has no exported member 'InternalError'.\r\n\r\n\u001b[7m2\u001b[0m import { InternalError } from \"../utils/response\";\r\n\u001b[7m \u001b[0m \u001b[91m         ~~~~~~~~~~~~~\u001b[0m\r\n\n    at createTSError (C:\\Users\\kumar\\OneDrive\\Desktop\\MY-PROJECTS\\NEWS\\backend\\node_modules\\ts-node\\src\\index.ts:859:12)\n    at reportTSError (C:\\Users\\kumar\\OneDrive\\Desktop\\MY-PROJECTS\\NEWS\\backend\\node_modules\\ts-node\\src\\index.ts:863:19)\n    at getOutput (C:\\Users\\kumar\\OneDrive\\Desktop\\MY-PROJECTS\\NEWS\\backend\\node_modules\\ts-node\\src\\index.ts:1077:36)\n    at Object.compile (C:\\Users\\kumar\\OneDrive\\Desktop\\MY-PROJECTS\\NEWS\\backend\\node_modules\\ts-node\\src\\index.ts:1433:41)\n    at Module.m._compile (C:\\Users\\kumar\\OneDrive\\Desktop\\MY-PROJECTS\\NEWS\\backend\\node_modules\\ts-node\\src\\index.ts:1617:30)\n    at node:internal/modules/cjs/loader:1706:10\n    at Object.require.extensions.<computed> [as .ts] (C:\\Users\\kumar\\OneDrive\\Desktop\\MY-PROJECTS\\NEWS\\backend\\node_modules\\ts-node\\src\\index.ts:1621:12)\n    at Module.load (node:internal/modules/cjs/loader:1289:32)\n    at Function._load (node:internal/modules/cjs/loader:1108:12)\n    at TracingChannel.traceSync (node:diagnostics_channel:322:14)","os":{"loadavg":[0,0,0],"uptime":13491.218},"process":{"argv":["C:\\Users\\kumar\\OneDrive\\Desktop\\MY-PROJECTS\\NEWS\\backend\\node_modules\\ts-node\\dist\\bin.js","C:\\Users\\kumar\\OneDrive\\Desktop\\MY-PROJECTS\\NEWS\\backend\\src\\server.ts"],"cwd":"C:\\Users\\kumar\\OneDrive\\Desktop\\MY-PROJECTS\\NEWS\\backend","execPath":"C:\\Program Files\\nodejs\\node.exe","gid":null,"memoryUsage":{"arrayBuffers":4940003,"external":8028859,"heapTotal":229662720,"heapUsed":204266568,"rss":286162944},"pid":16948,"uid":null,"version":"v22.14.0"},"service":"news-platform-api","stack":"TSError: ⨯ Unable to compile TypeScript:\n\u001b[96msrc/services/ImageKitService.ts\u001b[0m:\u001b[93m2\u001b[0m:\u001b[93m10\u001b[0m - \u001b[91merror\u001b[0m\u001b[90m TS2305: \u001b[0mModule '\"../utils/response\"' has no exported member 'InternalError'.\r\n\r\n\u001b[7m2\u001b[0m import { InternalError } from \"../utils/response\";\r\n\u001b[7m \u001b[0m \u001b[91m         ~~~~~~~~~~~~~\u001b[0m\r\n\n    at createTSError (C:\\Users\\kumar\\OneDrive\\Desktop\\MY-PROJECTS\\NEWS\\backend\\node_modules\\ts-node\\src\\index.ts:859:12)\n    at reportTSError (C:\\Users\\kumar\\OneDrive\\Desktop\\MY-PROJECTS\\NEWS\\backend\\node_modules\\ts-node\\src\\index.ts:863:19)\n    at getOutput (C:\\Users\\kumar\\OneDrive\\Desktop\\MY-PROJECTS\\NEWS\\backend\\node_modules\\ts-node\\src\\index.ts:1077:36)\n    at Object.compile (C:\\Users\\kumar\\OneDrive\\Desktop\\MY-PROJECTS\\NEWS\\backend\\node_modules\\ts-node\\src\\index.ts:1433:41)\n    at Module.m._compile (C:\\Users\\kumar\\OneDrive\\Desktop\\MY-PROJECTS\\NEWS\\backend\\node_modules\\ts-node\\src\\index.ts:1617:30)\n    at node:internal/modules/cjs/loader:1706:10\n    at Object.require.extensions.<computed> [as .ts] (C:\\Users\\kumar\\OneDrive\\Desktop\\MY-PROJECTS\\NEWS\\backend\\node_modules\\ts-node\\src\\index.ts:1621:12)\n    at Module.load (node:internal/modules/cjs/loader:1289:32)\n    at Function._load (node:internal/modules/cjs/loader:1108:12)\n    at TracingChannel.traceSync (node:diagnostics_channel:322:14)","timestamp":"2025-11-23T14:42:16.494Z","trace":[{"column":12,"file":"C:\\Users\\kumar\\OneDrive\\Desktop\\MY-PROJECTS\\NEWS\\backend\\node_modules\\ts-node\\src\\index.ts","function":"createTSError","line":859,"method":null,"native":false},{"column":19,"file":"C:\\Users\\kumar\\OneDrive\\Desktop\\MY-PROJECTS\\NEWS\\backend\\node_modules\\ts-node\\src\\index.ts","function":"reportTSError","line":863,"method":null,"native":false},{"column":36,"file":"C:\\Users\\kumar\\OneDrive\\Desktop\\MY-PROJECTS\\NEWS\\backend\\node_modules\\ts-node\\src\\index.ts","function":"getOutput","line":1077,"method":null,"native":false},{"column":41,"file":"C:\\Users\\kumar\\OneDrive\\Desktop\\MY-PROJECTS\\NEWS\\backend\\node_modules\\ts-node\\src\\index.ts","function":"Object.compile","line":1433,"method":"compile","native":false},{"column":30,"file":"C:\\Users\\kumar\\OneDrive\\Desktop\\MY-PROJECTS\\NEWS\\backend\\node_modules\\ts-node\\src\\index.ts","function":"Module.m._compile","line":1617,"method":"_compile","native":false},{"column":10,"file":"node:internal/modules/cjs/loader","function":null,"line":1706,"method":null,"native":false},{"column":12,"file":"C:\\Users\\kumar\\OneDrive\\Desktop\\MY-PROJECTS\\NEWS\\backend\\node_modules\\ts-node\\src\\index.ts","function":"Object.require.extensions.<computed> [as .ts]","line":1621,"method":"ts]","native":false},{"column":32,"file":"node:internal/modules/cjs/loader","function":"Module.load","line":1289,"method":"load","native":false},{"column":12,"file":"node:internal/modules/cjs/loader","function":"Function._load","line":1108,"method":"_load","native":false},{"column":14,"file":"node:diagnostics_channel","function":"TracingChannel.traceSync","line":322,"method":"traceSync","native":false}]}
{"date":"Sun Nov 23 2025 20:12:21 GMT+0530 (India Standard Time)","environment":"development","error":{"diagnosticCodes":[2305]},"exception":true,"level":"error","message":"uncaughtException: ⨯ Unable to compile TypeScript:\n\u001b[96msrc/services/ImageKitService.ts\u001b[0m:\u001b[93m2\u001b[0m:\u001b[93m10\u001b[0m - \u001b[91merror\u001b[0m\u001b[90m TS2305: \u001b[0mModule '\"../utils/response\"' has no exported member 'InternalError'.\r\n\r\n\u001b[7m2\u001b[0m import { InternalError } from \"../utils/response\";\r\n\u001b[7m \u001b[0m \u001b[91m         ~~~~~~~~~~~~~\u001b[0m\r\n\nTSError: ⨯ Unable to compile TypeScript:\n\u001b[96msrc/services/ImageKitService.ts\u001b[0m:\u001b[93m2\u001b[0m:\u001b[93m10\u001b[0m - \u001b[91merror\u001b[0m\u001b[90m TS2305: \u001b[0mModule '\"../utils/response\"' has no exported member 'InternalError'.\r\n\r\n\u001b[7m2\u001b[0m import { InternalError } from \"../utils/response\";\r\n\u001b[7m \u001b[0m \u001b[91m         ~~~~~~~~~~~~~\u001b[0m\r\n\n    at createTSError (C:\\Users\\kumar\\OneDrive\\Desktop\\MY-PROJECTS\\NEWS\\backend\\node_modules\\ts-node\\src\\index.ts:859:12)\n    at reportTSError (C:\\Users\\kumar\\OneDrive\\Desktop\\MY-PROJECTS\\NEWS\\backend\\node_modules\\ts-node\\src\\index.ts:863:19)\n    at getOutput (C:\\Users\\kumar\\OneDrive\\Desktop\\MY-PROJECTS\\NEWS\\backend\\node_modules\\ts-node\\src\\index.ts:1077:36)\n    at Object.compile (C:\\Users\\kumar\\OneDrive\\Desktop\\MY-PROJECTS\\NEWS\\backend\\node_modules\\ts-node\\src\\index.ts:1433:41)\n    at Module.m._compile (C:\\Users\\kumar\\OneDrive\\Desktop\\MY-PROJECTS\\NEWS\\backend\\node_modules\\ts-node\\src\\index.ts:1617:30)\n    at node:internal/modules/cjs/loader:1706:10\n    at Object.require.extensions.<computed> [as .ts] (C:\\Users\\kumar\\OneDrive\\Desktop\\MY-PROJECTS\\NEWS\\backend\\node_modules\\ts-node\\src\\index.ts:1621:12)\n    at Module.load (node:internal/modules/cjs/loader:1289:32)\n    at Function._load (node:internal/modules/cjs/loader:1108:12)\n    at TracingChannel.traceSync (node:diagnostics_channel:322:14)","os":{"loadavg":[0,0,0],"uptime":13496.156},"process":{"argv":["C:\\Users\\kumar\\OneDrive\\Desktop\\MY-PROJECTS\\NEWS\\backend\\node_modules\\ts-node\\dist\\bin.js","C:\\Users\\kumar\\OneDrive\\Desktop\\MY-PROJECTS\\NEWS\\backend\\src\\server.ts"],"cwd":"C:\\Users\\kumar\\OneDrive\\Desktop\\MY-PROJECTS\\NEWS\\backend","execPath":"C:\\Program Files\\nodejs\\node.exe","gid":null,"memoryUsage":{"arrayBuffers":4939987,"external":8028843,"heapTotal":229191680,"heapUsed":204315168,"rss":286101504},"pid":4756,"uid":null,"version":"v22.14.0"},"service":"news-platform-api","stack":"TSError: ⨯ Unable to compile TypeScript:\n\u001b[96msrc/services/ImageKitService.ts\u001b[0m:\u001b[93m2\u001b[0m:\u001b[93m10\u001b[0m - \u001b[91merror\u001b[0m\u001b[90m TS2305: \u001b[0mModule '\"../utils/response\"' has no exported member 'InternalError'.\r\n\r\n\u001b[7m2\u001b[0m import { InternalError } from \"../utils/response\";\r\n\u001b[7m \u001b[0m \u001b[91m         ~~~~~~~~~~~~~\u001b[0m\r\n\n    at createTSError (C:\\Users\\kumar\\OneDrive\\Desktop\\MY-PROJECTS\\NEWS\\backend\\node_modules\\ts-node\\src\\index.ts:859:12)\n    at reportTSError (C:\\Users\\kumar\\OneDrive\\Desktop\\MY-PROJECTS\\NEWS\\backend\\node_modules\\ts-node\\src\\index.ts:863:19)\n    at getOutput (C:\\Users\\kumar\\OneDrive\\Desktop\\MY-PROJECTS\\NEWS\\backend\\node_modules\\ts-node\\src\\index.ts:1077:36)\n    at Object.compile (C:\\Users\\kumar\\OneDrive\\Desktop\\MY-PROJECTS\\NEWS\\backend\\node_modules\\ts-node\\src\\index.ts:1433:41)\n    at Module.m._compile (C:\\Users\\kumar\\OneDrive\\Desktop\\MY-PROJECTS\\NEWS\\backend\\node_modules\\ts-node\\src\\index.ts:1617:30)\n    at node:internal/modules/cjs/loader:1706:10\n    at Object.require.extensions.<computed> [as .ts] (C:\\Users\\kumar\\OneDrive\\Desktop\\MY-PROJECTS\\NEWS\\backend\\node_modules\\ts-node\\src\\index.ts:1621:12)\n    at Module.load (node:internal/modules/cjs/loader:1289:32)\n    at Function._load (node:internal/modules/cjs/loader:1108:12)\n    at TracingChannel.traceSync (node:diagnostics_channel:322:14)","timestamp":"2025-11-23T14:42:21.424Z","trace":[{"column":12,"file":"C:\\Users\\kumar\\OneDrive\\Desktop\\MY-PROJECTS\\NEWS\\backend\\node_modules\\ts-node\\src\\index.ts","function":"createTSError","line":859,"method":null,"native":false},{"column":19,"file":"C:\\Users\\kumar\\OneDrive\\Desktop\\MY-PROJECTS\\NEWS\\backend\\node_modules\\ts-node\\src\\index.ts","function":"reportTSError","line":863,"method":null,"native":false},{"column":36,"file":"C:\\Users\\kumar\\OneDrive\\Desktop\\MY-PROJECTS\\NEWS\\backend\\node_modules\\ts-node\\src\\index.ts","function":"getOutput","line":1077,"method":null,"native":false},{"column":41,"file":"C:\\Users\\kumar\\OneDrive\\Desktop\\MY-PROJECTS\\NEWS\\backend\\node_modules\\ts-node\\src\\index.ts","function":"Object.compile","line":1433,"method":"compile","native":false},{"column":30,"file":"C:\\Users\\kumar\\OneDrive\\Desktop\\MY-PROJECTS\\NEWS\\backend\\node_modules\\ts-node\\src\\index.ts","function":"Module.m._compile","line":1617,"method":"_compile","native":false},{"column":10,"file":"node:internal/modules/cjs/loader","function":null,"line":1706,"method":null,"native":false},{"column":12,"file":"C:\\Users\\kumar\\OneDrive\\Desktop\\MY-PROJECTS\\NEWS\\backend\\node_modules\\ts-node\\src\\index.ts","function":"Object.require.extensions.<computed> [as .ts]","line":1621,"method":"ts]","native":false},{"column":32,"file":"node:internal/modules/cjs/loader","function":"Module.load","line":1289,"method":"load","native":false},{"column":12,"file":"node:internal/modules/cjs/loader","function":"Function._load","line":1108,"method":"_load","native":false},{"column":14,"file":"node:diagnostics_channel","function":"TracingChannel.traceSync","line":322,"method":"traceSync","native":false}]}
{"date":"Sun Nov 23 2025 20:12:26 GMT+0530 (India Standard Time)","environment":"development","error":{"diagnosticCodes":[2305]},"exception":true,"level":"error","message":"uncaughtException: ⨯ Unable to compile TypeScript:\n\u001b[96msrc/services/ImageKitService.ts\u001b[0m:\u001b[93m2\u001b[0m:\u001b[93m10\u001b[0m - \u001b[91merror\u001b[0m\u001b[90m TS2305: \u001b[0mModule '\"../utils/response\"' has no exported member 'InternalError'.\r\n\r\n\u001b[7m2\u001b[0m import { InternalError } from \"../utils/response\";\r\n\u001b[7m \u001b[0m \u001b[91m         ~~~~~~~~~~~~~\u001b[0m\r\n\nTSError: ⨯ Unable to compile TypeScript:\n\u001b[96msrc/services/ImageKitService.ts\u001b[0m:\u001b[93m2\u001b[0m:\u001b[93m10\u001b[0m - \u001b[91merror\u001b[0m\u001b[90m TS2305: \u001b[0mModule '\"../utils/response\"' has no exported member 'InternalError'.\r\n\r\n\u001b[7m2\u001b[0m import { InternalError } from \"../utils/response\";\r\n\u001b[7m \u001b[0m \u001b[91m         ~~~~~~~~~~~~~\u001b[0m\r\n\n    at createTSError (C:\\Users\\kumar\\OneDrive\\Desktop\\MY-PROJECTS\\NEWS\\backend\\node_modules\\ts-node\\src\\index.ts:859:12)\n    at reportTSError (C:\\Users\\kumar\\OneDrive\\Desktop\\MY-PROJECTS\\NEWS\\backend\\node_modules\\ts-node\\src\\index.ts:863:19)\n    at getOutput (C:\\Users\\kumar\\OneDrive\\Desktop\\MY-PROJECTS\\NEWS\\backend\\node_modules\\ts-node\\src\\index.ts:1077:36)\n    at Object.compile (C:\\Users\\kumar\\OneDrive\\Desktop\\MY-PROJECTS\\NEWS\\backend\\node_modules\\ts-node\\src\\index.ts:1433:41)\n    at Module.m._compile (C:\\Users\\kumar\\OneDrive\\Desktop\\MY-PROJECTS\\NEWS\\backend\\node_modules\\ts-node\\src\\index.ts:1617:30)\n    at node:internal/modules/cjs/loader:1706:10\n    at Object.require.extensions.<computed> [as .ts] (C:\\Users\\kumar\\OneDrive\\Desktop\\MY-PROJECTS\\NEWS\\backend\\node_modules\\ts-node\\src\\index.ts:1621:12)\n    at Module.load (node:internal/modules/cjs/loader:1289:32)\n    at Function._load (node:internal/modules/cjs/loader:1108:12)\n    at TracingChannel.traceSync (node:diagnostics_channel:322:14)","os":{"loadavg":[0,0,0],"uptime":13501.656},"process":{"argv":["C:\\Users\\kumar\\OneDrive\\Desktop\\MY-PROJECTS\\NEWS\\backend\\node_modules\\ts-node\\dist\\bin.js","C:\\Users\\kumar\\OneDrive\\Desktop\\MY-PROJECTS\\NEWS\\backend\\src\\server.ts"],"cwd":"C:\\Users\\kumar\\OneDrive\\Desktop\\MY-PROJECTS\\NEWS\\backend","execPath":"C:\\Program Files\\nodejs\\node.exe","gid":null,"memoryUsage":{"arrayBuffers":4939955,"external":8028811,"heapTotal":228929536,"heapUsed":204126944,"rss":286035968},"pid":16140,"uid":null,"version":"v22.14.0"},"service":"news-platform-api","stack":"TSError: ⨯ Unable to compile TypeScript:\n\u001b[96msrc/services/ImageKitService.ts\u001b[0m:\u001b[93m2\u001b[0m:\u001b[93m10\u001b[0m - \u001b[91merror\u001b[0m\u001b[90m TS2305: \u001b[0mModule '\"../utils/response\"' has no exported member 'InternalError'.\r\n\r\n\u001b[7m2\u001b[0m import { InternalError } from \"../utils/response\";\r\n\u001b[7m \u001b[0m \u001b[91m         ~~~~~~~~~~~~~\u001b[0m\r\n\n    at createTSError (C:\\Users\\kumar\\OneDrive\\Desktop\\MY-PROJECTS\\NEWS\\backend\\node_modules\\ts-node\\src\\index.ts:859:12)\n    at reportTSError (C:\\Users\\kumar\\OneDrive\\Desktop\\MY-PROJECTS\\NEWS\\backend\\node_modules\\ts-node\\src\\index.ts:863:19)\n    at getOutput (C:\\Users\\kumar\\OneDrive\\Desktop\\MY-PROJECTS\\NEWS\\backend\\node_modules\\ts-node\\src\\index.ts:1077:36)\n    at Object.compile (C:\\Users\\kumar\\OneDrive\\Desktop\\MY-PROJECTS\\NEWS\\backend\\node_modules\\ts-node\\src\\index.ts:1433:41)\n    at Module.m._compile (C:\\Users\\kumar\\OneDrive\\Desktop\\MY-PROJECTS\\NEWS\\backend\\node_modules\\ts-node\\src\\index.ts:1617:30)\n    at node:internal/modules/cjs/loader:1706:10\n    at Object.require.extensions.<computed> [as .ts] (C:\\Users\\kumar\\OneDrive\\Desktop\\MY-PROJECTS\\NEWS\\backend\\node_modules\\ts-node\\src\\index.ts:1621:12)\n    at Module.load (node:internal/modules/cjs/loader:1289:32)\n    at Function._load (node:internal/modules/cjs/loader:1108:12)\n    at TracingChannel.traceSync (node:diagnostics_channel:322:14)","timestamp":"2025-11-23T14:42:26.926Z","trace":[{"column":12,"file":"C:\\Users\\kumar\\OneDrive\\Desktop\\MY-PROJECTS\\NEWS\\backend\\node_modules\\ts-node\\src\\index.ts","function":"createTSError","line":859,"method":null,"native":false},{"column":19,"file":"C:\\Users\\kumar\\OneDrive\\Desktop\\MY-PROJECTS\\NEWS\\backend\\node_modules\\ts-node\\src\\index.ts","function":"reportTSError","line":863,"method":null,"native":false},{"column":36,"file":"C:\\Users\\kumar\\OneDrive\\Desktop\\MY-PROJECTS\\NEWS\\backend\\node_modules\\ts-node\\src\\index.ts","function":"getOutput","line":1077,"method":null,"native":false},{"column":41,"file":"C:\\Users\\kumar\\OneDrive\\Desktop\\MY-PROJECTS\\NEWS\\backend\\node_modules\\ts-node\\src\\index.ts","function":"Object.compile","line":1433,"method":"compile","native":false},{"column":30,"file":"C:\\Users\\kumar\\OneDrive\\Desktop\\MY-PROJECTS\\NEWS\\backend\\node_modules\\ts-node\\src\\index.ts","function":"Module.m._compile","line":1617,"method":"_compile","native":false},{"column":10,"file":"node:internal/modules/cjs/loader","function":null,"line":1706,"method":null,"native":false},{"column":12,"file":"C:\\Users\\kumar\\OneDrive\\Desktop\\MY-PROJECTS\\NEWS\\backend\\node_modules\\ts-node\\src\\index.ts","function":"Object.require.extensions.<computed> [as .ts]","line":1621,"method":"ts]","native":false},{"column":32,"file":"node:internal/modules/cjs/loader","function":"Module.load","line":1289,"method":"load","native":false},{"column":12,"file":"node:internal/modules/cjs/loader","function":"Function._load","line":1108,"method":"_load","native":false},{"column":14,"file":"node:diagnostics_channel","function":"TracingChannel.traceSync","line":322,"method":"traceSync","native":false}]}
